[09:24:00] [Client thread/INFO]: Setting user: Player552
[12:29:58] [Client thread/INFO]: Setting user: Player402
[12:30:14] [Client thread/INFO]: LWJGL Version: 2.9.1
[12:30:32] [Client thread/INFO]: Reloading ResourceManager: Default, FMLFileResourcePack:Forge Mod Loader, FMLFileResourcePack:Minecraft Forge, FMLFileResourcePack:Fragile Glass
[12:30:36] [Sound Library Loader/INFO]: Starting up SoundSystem...
[12:30:37] [Thread-6/INFO]: Initializing LWJGL OpenAL
[12:30:37] [Thread-6/INFO]: (The LWJGL binding of OpenAL.  For more information, see http://www.lwjgl.org)
[12:30:38] [Thread-6/INFO]: OpenAL initialized.
[12:30:38] [Sound Library Loader/INFO]: Sound engine started
[12:31:06] [Client thread/INFO]: Created: 512x512 textures-atlas
[12:31:16] [Client thread/INFO]: Reloading ResourceManager: Default, FMLFileResourcePack:Forge Mod Loader, FMLFileResourcePack:Minecraft Forge, FMLFileResourcePack:Fragile Glass
[12:31:16] [Client thread/INFO]: SoundSystem shutting down...
[12:31:16] [Client thread/WARN]: Author: Paul Lamb, www.paulscode.com
[12:31:17] [Sound Library Loader/INFO]: Starting up SoundSystem...
[12:31:17] [Thread-8/INFO]: Initializing LWJGL OpenAL
[12:31:17] [Thread-8/INFO]: (The LWJGL binding of OpenAL.  For more information, see http://www.lwjgl.org)
[12:31:18] [Thread-8/INFO]: OpenAL initialized.
[12:31:18] [Sound Library Loader/INFO]: Sound engine started
[12:31:35] [Client thread/INFO]: Created: 512x512 textures-atlas
[13:30:06] [Client thread/INFO]: Setting user: Player723
[13:30:24] [Client thread/INFO]: LWJGL Version: 2.9.1
[13:30:41] [Client thread/INFO]: Reloading ResourceManager: Default, FMLFileResourcePack:Forge Mod Loader, FMLFileResourcePack:Minecraft Forge, FMLFileResourcePack:Fragile Glass
[13:30:45] [Sound Library Loader/INFO]: Starting up SoundSystem...
[13:30:46] [Thread-6/INFO]: Initializing LWJGL OpenAL
[13:30:46] [Thread-6/INFO]: (The LWJGL binding of OpenAL.  For more information, see http://www.lwjgl.org)
[13:30:49] [Thread-6/INFO]: OpenAL initialized.
[13:30:49] [Sound Library Loader/INFO]: Sound engine started
[13:31:12] [Client thread/INFO]: Created: 512x512 textures-atlas
[13:31:18] [Client thread/INFO]: Reloading ResourceManager: Default, FMLFileResourcePack:Forge Mod Loader, FMLFileResourcePack:Minecraft Forge, FMLFileResourcePack:Fragile Glass
[13:31:18] [Client thread/INFO]: SoundSystem shutting down...
[13:31:19] [Client thread/WARN]: Author: Paul Lamb, www.paulscode.com
[13:31:19] [Sound Library Loader/INFO]: Starting up SoundSystem...
[13:31:19] [Thread-8/INFO]: Initializing LWJGL OpenAL
[13:31:19] [Thread-8/INFO]: (The LWJGL binding of OpenAL.  For more information, see http://www.lwjgl.org)
[13:31:19] [Thread-8/INFO]: OpenAL initialized.
[13:31:19] [Sound Library Loader/INFO]: Sound engine started
[13:31:44] [Client thread/INFO]: Created: 512x512 textures-atlas
[13:31:52] [Client thread/INFO]: Stopping!
[13:31:52] [Client thread/INFO]: SoundSystem shutting down...
[13:31:53] [Client thread/WARN]: Author: Paul Lamb, www.paulscode.com
[13:33:06] [Client thread/INFO]: Setting user: Player25
[13:33:21] [Client thread/INFO]: LWJGL Version: 2.9.1
[13:33:40] [Client thread/INFO]: Reloading ResourceManager: Default, FMLFileResourcePack:Forge Mod Loader, FMLFileResourcePack:Minecraft Forge, FMLFileResourcePack:Fragile Glass
[13:33:46] [Sound Library Loader/INFO]: Starting up SoundSystem...
[13:33:46] [Thread-6/INFO]: Initializing LWJGL OpenAL
[13:33:46] [Thread-6/INFO]: (The LWJGL binding of OpenAL.  For more information, see http://www.lwjgl.org)
[13:33:47] [Thread-6/INFO]: OpenAL initialized.
[13:33:47] [Sound Library Loader/INFO]: Sound engine started
[13:34:07] [Client thread/INFO]: Created: 512x512 textures-atlas
[13:34:14] [Client thread/INFO]: Reloading ResourceManager: Default, FMLFileResourcePack:Forge Mod Loader, FMLFileResourcePack:Minecraft Forge, FMLFileResourcePack:Fragile Glass
[13:34:15] [Client thread/INFO]: SoundSystem shutting down...
[13:34:15] [Client thread/WARN]: Author: Paul Lamb, www.paulscode.com
[13:34:15] [Sound Library Loader/INFO]: Starting up SoundSystem...
[13:34:15] [Thread-8/INFO]: Initializing LWJGL OpenAL
[13:34:15] [Thread-8/INFO]: (The LWJGL binding of OpenAL.  For more information, see http://www.lwjgl.org)
[13:34:15] [Thread-8/INFO]: OpenAL initialized.
[13:34:16] [Sound Library Loader/INFO]: Sound engine started
[13:34:33] [Client thread/INFO]: Created: 512x512 textures-atlas
[13:36:07] [Server thread/INFO]: Starting integrated minecraft server version 1.8
[13:36:07] [Server thread/INFO]: Generating keypair
[13:36:10] [Server thread/INFO]: Preparing start region for level 0
[13:36:12] [Server thread/INFO]: Preparing spawn area: 0%
[13:36:13] [Server thread/INFO]: Preparing spawn area: 5%
[13:36:14] [Server thread/INFO]: Preparing spawn area: 26%
[13:36:15] [Server thread/INFO]: Preparing spawn area: 48%
[13:36:16] [Server thread/INFO]: Preparing spawn area: 69%
[13:36:17] [Server thread/INFO]: Preparing spawn area: 90%
[13:36:19] [Server thread/INFO]: Changing view distance to 12, from 10
[13:36:24] [Server thread/WARN]: Can't keep up! Did the system time change, or is the server overloaded? Running 4067ms behind, skipping 81 tick(s)
[13:36:30] [Server thread/INFO]: Player25[local:E:92ef8dad] logged in with entity id 105 at (-73.10457739642732, 4.0, -432.4356058391251)
[13:36:30] [Server thread/INFO]: Player25 joined the game
[13:36:42] [Server thread/INFO]: Saving and pausing game...
[13:36:43] [Server thread/INFO]: Saving chunks for level 'New World'/Overworld
[13:36:44] [Server thread/INFO]: Saving chunks for level 'New World'/Nether
[13:36:45] [Server thread/INFO]: Saving chunks for level 'New World'/The End
[13:40:07] [Server thread/WARN]: Can't keep up! Did the system time change, or is the server overloaded? Running 6581ms behind, skipping 131 tick(s)
[13:40:10] [Server thread/INFO]: Player25 has just earned the achievement [Taking Inventory]
[13:40:11] [Client thread/INFO]: [CHAT] Player25 has just earned the achievement [Taking Inventory]
[13:40:25] [Server thread/WARN]: Can't keep up! Did the system time change, or is the server overloaded? Running 7907ms behind, skipping 158 tick(s)
[13:40:40] [Server thread/WARN]: Can't keep up! Did the system time change, or is the server overloaded? Running 4015ms behind, skipping 80 tick(s)
[13:40:55] [Server thread/WARN]: Can't keep up! Did the system time change, or is the server overloaded? Running 3533ms behind, skipping 70 tick(s)
[13:41:11] [Server thread/INFO]: Saving and pausing game...
[13:41:11] [Server thread/INFO]: Saving chunks for level 'New World'/Overworld
[13:41:11] [Server thread/INFO]: Saving chunks for level 'New World'/Nether
[13:41:11] [Server thread/INFO]: Saving chunks for level 'New World'/The End
[13:44:06] [Server thread/INFO]: Changing difficulty to PEACEFUL, from NORMAL
[13:44:17] [Server thread/INFO]: Saving and pausing game...
[13:44:17] [Server thread/INFO]: Saving chunks for level 'New World'/Overworld
[13:44:17] [Server thread/INFO]: Saving chunks for level 'New World'/Nether
[13:44:17] [Server thread/INFO]: Saving chunks for level 'New World'/The End
[13:45:39] [Server thread/WARN]: Can't keep up! Did the system time change, or is the server overloaded? Running 2109ms behind, skipping 42 tick(s)
[13:45:51] [Server thread/INFO]: Saving and pausing game...
[13:45:51] [Server thread/INFO]: Saving chunks for level 'New World'/Overworld
[13:45:51] [Server thread/INFO]: Saving chunks for level 'New World'/Nether
[13:45:51] [Server thread/INFO]: Saving chunks for level 'New World'/The End
[13:45:52] [Server thread/INFO]: Stopping server
[13:45:52] [Server thread/INFO]: Saving players
[13:45:52] [Server thread/INFO]: Saving worlds
[13:45:52] [Server thread/INFO]: Saving chunks for level 'New World'/Overworld
[13:45:52] [Server thread/INFO]: Saving chunks for level 'New World'/Nether
[13:45:52] [Server thread/INFO]: Saving chunks for level 'New World'/The End
[13:45:54] [Client thread/INFO]: Stopping!
[13:45:54] [Client thread/INFO]: SoundSystem shutting down...
[13:45:55] [Client thread/WARN]: Author: Paul Lamb, www.paulscode.com
[13:59:13] [Client thread/INFO]: Setting user: Player367
[13:59:29] [Client thread/INFO]: LWJGL Version: 2.9.1
[13:59:46] [Client thread/INFO]: Reloading ResourceManager: Default, FMLFileResourcePack:Forge Mod Loader, FMLFileResourcePack:Minecraft Forge, FMLFileResourcePack:Fragile Glass
[13:59:52] [Sound Library Loader/INFO]: Starting up SoundSystem...
[13:59:52] [Thread-6/INFO]: Initializing LWJGL OpenAL
[13:59:52] [Thread-6/INFO]: (The LWJGL binding of OpenAL.  For more information, see http://www.lwjgl.org)
[13:59:54] [Thread-6/INFO]: OpenAL initialized.
[13:59:54] [Sound Library Loader/INFO]: Sound engine started
[14:00:17] [Client thread/INFO]: Created: 512x512 textures-atlas
[14:00:25] [Client thread/INFO]: Reloading ResourceManager: Default, FMLFileResourcePack:Forge Mod Loader, FMLFileResourcePack:Minecraft Forge, FMLFileResourcePack:Fragile Glass
[14:00:27] [Client thread/INFO]: SoundSystem shutting down...
[14:00:27] [Client thread/WARN]: Author: Paul Lamb, www.paulscode.com
[14:00:27] [Sound Library Loader/INFO]: Starting up SoundSystem...
[14:00:28] [Thread-8/INFO]: Initializing LWJGL OpenAL
[14:00:28] [Thread-8/INFO]: (The LWJGL binding of OpenAL.  For more information, see http://www.lwjgl.org)
[14:00:28] [Thread-8/INFO]: OpenAL initialized.
[14:00:28] [Sound Library Loader/INFO]: Sound engine started
[14:00:52] [Client thread/INFO]: Created: 512x512 textures-atlas
[14:17:10] [Server thread/INFO]: Starting integrated minecraft server version 1.8
[14:17:10] [Server thread/INFO]: Generating keypair
[14:17:12] [Server thread/INFO]: Preparing start region for level 0
[14:17:13] [Server thread/INFO]: Preparing spawn area: 0%
[14:17:14] [Server thread/INFO]: Preparing spawn area: 5%
[14:17:15] [Server thread/INFO]: Preparing spawn area: 54%
[14:17:16] [Server thread/INFO]: Preparing spawn area: 99%
[14:17:18] [Server thread/INFO]: Changing view distance to 12, from 10
[14:17:21] [Server thread/WARN]: Can't keep up! Did the system time change, or is the server overloaded? Running 2746ms behind, skipping 54 tick(s)
[14:17:22] [Server thread/INFO]: Player367[local:E:be160c7e] logged in with entity id 47 at (-77.14504169860645, 4.0, -436.6240420155251)
[14:17:22] [Server thread/INFO]: Player367 joined the game
[14:17:25] [Server thread/INFO]: Saving and pausing game...
[14:17:26] [Server thread/INFO]: Saving chunks for level 'New World'/Overworld
[14:17:26] [Server thread/INFO]: Saving chunks for level 'New World'/Nether
[14:17:26] [Server thread/INFO]: Saving chunks for level 'New World'/The End
[14:17:33] [Server thread/INFO]: Saving and pausing game...
[14:17:33] [Server thread/INFO]: Saving chunks for level 'New World'/Overworld
[14:17:33] [Server thread/INFO]: Saving chunks for level 'New World'/Nether
[14:17:33] [Server thread/INFO]: Saving chunks for level 'New World'/The End
[14:21:05] [Server thread/WARN]: Can't keep up! Did the system time change, or is the server overloaded? Running 2325ms behind, skipping 46 tick(s)
[14:21:09] [Server thread/INFO]: Saving and pausing game...
[14:21:09] [Server thread/INFO]: Saving chunks for level 'New World'/Overworld
[14:21:10] [Server thread/INFO]: Saving chunks for level 'New World'/Nether
[14:21:10] [Server thread/INFO]: Saving chunks for level 'New World'/The End
[14:21:10] [Server thread/INFO]: Stopping server
[14:21:10] [Server thread/INFO]: Saving players
[14:21:10] [Server thread/INFO]: Saving worlds
[14:21:10] [Server thread/INFO]: Saving chunks for level 'New World'/Overworld
[14:21:10] [Server thread/INFO]: Saving chunks for level 'New World'/Nether
[14:21:10] [Server thread/INFO]: Saving chunks for level 'New World'/The End
[14:21:13] [Client thread/INFO]: Stopping!
[14:21:13] [Client thread/INFO]: SoundSystem shutting down...
[14:21:13] [Client thread/WARN]: Author: Paul Lamb, www.paulscode.com
[14:50:24] [Client thread/INFO]: Setting user: Player750
[14:50:46] [Client thread/INFO]: LWJGL Version: 2.9.1
[14:51:07] [Client thread/INFO]: Reloading ResourceManager: Default, FMLFileResourcePack:Forge Mod Loader, FMLFileResourcePack:Minecraft Forge, FMLFileResourcePack:Fragile Glass
[14:51:47] [Sound Library Loader/INFO]: Starting up SoundSystem...
[14:51:49] [Thread-6/INFO]: Initializing LWJGL OpenAL
[14:51:49] [Thread-6/INFO]: (The LWJGL binding of OpenAL.  For more information, see http://www.lwjgl.org)
[14:51:52] [Thread-6/INFO]: OpenAL initialized.
[14:51:52] [Sound Library Loader/INFO]: Sound engine started
[14:52:15] [Client thread/INFO]: Created: 512x512 textures-atlas
[14:52:24] [Client thread/INFO]: Reloading ResourceManager: Default, FMLFileResourcePack:Forge Mod Loader, FMLFileResourcePack:Minecraft Forge, FMLFileResourcePack:Fragile Glass
[14:52:25] [Client thread/INFO]: SoundSystem shutting down...
[14:52:25] [Client thread/WARN]: Author: Paul Lamb, www.paulscode.com
[14:52:25] [Sound Library Loader/INFO]: Starting up SoundSystem...
[14:52:25] [Thread-8/INFO]: Initializing LWJGL OpenAL
[14:52:25] [Thread-8/INFO]: (The LWJGL binding of OpenAL.  For more information, see http://www.lwjgl.org)
[14:52:26] [Thread-8/INFO]: OpenAL initialized.
[14:52:26] [Sound Library Loader/INFO]: Sound engine started
[14:52:46] [Client thread/INFO]: Created: 512x512 textures-atlas
[14:57:22] [Server thread/INFO]: Starting integrated minecraft server version 1.8
[14:57:22] [Server thread/INFO]: Generating keypair
[14:57:25] [Server thread/INFO]: Preparing start region for level 0
[14:57:26] [Server thread/INFO]: Preparing spawn area: 0%
[14:57:27] [Server thread/INFO]: Preparing spawn area: 5%
[14:57:28] [Server thread/INFO]: Preparing spawn area: 48%
[14:57:29] [Server thread/INFO]: Preparing spawn area: 80%
[14:57:32] [Server thread/INFO]: Changing view distance to 12, from 10
[14:57:32] [Server thread/WARN]: Can't keep up! Did the system time change, or is the server overloaded? Running 2345ms behind, skipping 46 tick(s)
[14:57:37] [Server thread/INFO]: Player750[local:E:3f4607be] logged in with entity id 50 at (-77.14504169860645, 4.0, -436.6240420155251)
[14:57:37] [Server thread/INFO]: Player750 joined the game
[14:57:50] [Server thread/INFO]: Saving and pausing game...
[14:57:50] [Server thread/INFO]: Saving chunks for level 'New World'/Overworld
[14:57:53] [Server thread/INFO]: Saving chunks for level 'New World'/Nether
[14:57:53] [Server thread/INFO]: Saving chunks for level 'New World'/The End
[14:57:57] [Server thread/INFO]: Player750 has just earned the achievement [Taking Inventory]
[14:57:58] [Server thread/WARN]: Can't keep up! Did the system time change, or is the server overloaded? Running 2178ms behind, skipping 43 tick(s)
[14:57:59] [Client thread/INFO]: [CHAT] Player750 has just earned the achievement [Taking Inventory]
[14:58:22] [Server thread/INFO]: Saving and pausing game...
[14:58:22] [Server thread/INFO]: Saving chunks for level 'New World'/Overworld
[14:58:22] [Server thread/INFO]: Saving chunks for level 'New World'/Nether
[14:58:22] [Server thread/INFO]: Saving chunks for level 'New World'/The End
[14:58:22] [Server thread/WARN]: Can't keep up! Did the system time change, or is the server overloaded? Running 4446ms behind, skipping 88 tick(s)
[14:59:30] [Server thread/INFO]: Saving and pausing game...
[14:59:30] [Server thread/INFO]: Saving chunks for level 'New World'/Overworld
[14:59:30] [Server thread/INFO]: Saving chunks for level 'New World'/Nether
[14:59:30] [Server thread/INFO]: Saving chunks for level 'New World'/The End
[14:59:31] [Server thread/INFO]: Stopping server
[14:59:31] [Server thread/INFO]: Saving players
[14:59:31] [Server thread/INFO]: Saving worlds
[14:59:31] [Server thread/INFO]: Saving chunks for level 'New World'/Overworld
[14:59:31] [Server thread/INFO]: Saving chunks for level 'New World'/Nether
[14:59:31] [Server thread/INFO]: Saving chunks for level 'New World'/The End
[14:59:33] [Client thread/INFO]: Stopping!
[14:59:33] [Client thread/INFO]: SoundSystem shutting down...
[14:59:33] [Client thread/WARN]: Author: Paul Lamb, www.paulscode.com
[15:12:56] [Client thread/INFO]: Setting user: Player334
[15:13:10] [Client thread/INFO]: LWJGL Version: 2.9.1
[15:13:26] [Client thread/INFO]: Reloading ResourceManager: Default, FMLFileResourcePack:Forge Mod Loader, FMLFileResourcePack:Minecraft Forge, FMLFileResourcePack:Fragile Glass
[15:13:30] [Sound Library Loader/INFO]: Starting up SoundSystem...
[15:13:31] [Thread-6/INFO]: Initializing LWJGL OpenAL
[15:13:31] [Thread-6/INFO]: (The LWJGL binding of OpenAL.  For more information, see http://www.lwjgl.org)
[15:13:32] [Thread-6/INFO]: OpenAL initialized.
[15:13:32] [Sound Library Loader/INFO]: Sound engine started
[15:13:53] [Client thread/INFO]: Created: 512x512 textures-atlas
[15:13:59] [Client thread/INFO]: Reloading ResourceManager: Default, FMLFileResourcePack:Forge Mod Loader, FMLFileResourcePack:Minecraft Forge, FMLFileResourcePack:Fragile Glass
[15:13:59] [Client thread/INFO]: SoundSystem shutting down...
[15:13:59] [Client thread/WARN]: Author: Paul Lamb, www.paulscode.com
[15:13:59] [Sound Library Loader/INFO]: Starting up SoundSystem...
[15:13:59] [Thread-8/INFO]: Initializing LWJGL OpenAL
[15:13:59] [Thread-8/INFO]: (The LWJGL binding of OpenAL.  For more information, see http://www.lwjgl.org)
[15:13:59] [Thread-8/INFO]: OpenAL initialized.
[15:14:00] [Sound Library Loader/INFO]: Sound engine started
[15:14:16] [Client thread/INFO]: Created: 512x512 textures-atlas
[15:15:51] [Server thread/INFO]: Starting integrated minecraft server version 1.8
[15:15:51] [Server thread/INFO]: Generating keypair
[15:15:53] [Server thread/INFO]: Preparing start region for level 0
[15:15:54] [Server thread/INFO]: Preparing spawn area: 0%
[15:15:55] [Server thread/INFO]: Preparing spawn area: 12%
[15:15:56] [Server thread/INFO]: Preparing spawn area: 60%
[15:15:57] [Server thread/INFO]: Preparing spawn area: 93%
[15:15:59] [Server thread/INFO]: Changing view distance to 12, from 10
[15:16:03] [Server thread/INFO]: Player334[local:E:4124c89f] logged in with entity id 50 at (-99.25623918642039, 4.0, -435.3264116110036)
[15:16:03] [Server thread/INFO]: Player334 joined the game
[15:16:15] [Client thread/INFO]: Warning: Clientside chunk ticking took 662 ms
[15:16:17] [Server thread/WARN]: Can't keep up! Did the system time change, or is the server overloaded? Running 14446ms behind, skipping 288 tick(s)
[15:16:27] [Server thread/WARN]: Can't keep up! Did the system time change, or is the server overloaded? Running 6570ms behind, skipping 131 tick(s)
[15:16:43] [Server thread/WARN]: Can't keep up! Did the system time change, or is the server overloaded? Running 3352ms behind, skipping 67 tick(s)
[15:18:16] [Server thread/INFO]: Saving and pausing game...
[15:18:16] [Server thread/INFO]: Saving chunks for level 'New World'/Overworld
[15:18:16] [Server thread/INFO]: Saving chunks for level 'New World'/Nether
[15:18:16] [Server thread/INFO]: Saving chunks for level 'New World'/The End
[15:19:42] [Server thread/INFO]: Player334 has just earned the achievement [Taking Inventory]
[15:19:43] [Client thread/INFO]: [CHAT] Player334 has just earned the achievement [Taking Inventory]
[15:20:26] [Server thread/INFO]: Saving and pausing game...
[15:20:26] [Server thread/INFO]: Saving chunks for level 'New World'/Overworld
[15:20:27] [Server thread/INFO]: Saving chunks for level 'New World'/Nether
[15:20:27] [Server thread/INFO]: Saving chunks for level 'New World'/The End
[15:20:27] [Server thread/INFO]: Stopping server
[15:20:27] [Server thread/INFO]: Saving players
[15:20:27] [Server thread/INFO]: Saving worlds
[15:20:27] [Server thread/INFO]: Saving chunks for level 'New World'/Overworld
[15:20:27] [Server thread/INFO]: Saving chunks for level 'New World'/Nether
[15:20:27] [Server thread/INFO]: Saving chunks for level 'New World'/The End
[15:20:29] [Client thread/INFO]: Stopping!
[15:20:29] [Client thread/INFO]: SoundSystem shutting down...
[15:20:29] [Client thread/WARN]: Author: Paul Lamb, www.paulscode.com
[15:34:40] [Client thread/INFO]: Setting user: Player947
[15:34:55] [Client thread/INFO]: LWJGL Version: 2.9.1
[15:35:14] [Client thread/INFO]: Reloading ResourceManager: Default, FMLFileResourcePack:Forge Mod Loader, FMLFileResourcePack:Minecraft Forge, FMLFileResourcePack:Fragile Glass
[15:35:18] [Sound Library Loader/INFO]: Starting up SoundSystem...
[15:35:18] [Thread-6/INFO]: Initializing LWJGL OpenAL
[15:35:18] [Thread-6/INFO]: (The LWJGL binding of OpenAL.  For more information, see http://www.lwjgl.org)
[15:35:20] [Thread-6/INFO]: OpenAL initialized.
[15:35:20] [Sound Library Loader/INFO]: Sound engine started
[15:35:41] [Client thread/INFO]: Created: 512x512 textures-atlas
[15:35:49] [Client thread/INFO]: Reloading ResourceManager: Default, FMLFileResourcePack:Forge Mod Loader, FMLFileResourcePack:Minecraft Forge, FMLFileResourcePack:Fragile Glass
[15:35:50] [Client thread/INFO]: SoundSystem shutting down...
[15:35:50] [Client thread/WARN]: Author: Paul Lamb, www.paulscode.com
[15:35:50] [Sound Library Loader/INFO]: Starting up SoundSystem...
[15:35:51] [Thread-8/INFO]: Initializing LWJGL OpenAL
[15:35:51] [Thread-8/INFO]: (The LWJGL binding of OpenAL.  For more information, see http://www.lwjgl.org)
[15:35:51] [Thread-8/INFO]: OpenAL initialized.
[15:35:51] [Sound Library Loader/INFO]: Sound engine started
[15:36:07] [Client thread/INFO]: Created: 512x512 textures-atlas
[15:36:19] [Server thread/INFO]: Starting integrated minecraft server version 1.8
[15:36:19] [Server thread/INFO]: Generating keypair
[15:36:21] [Server thread/INFO]: Preparing start region for level 0
[15:36:22] [Server thread/INFO]: Preparing spawn area: 0%
[15:36:23] [Server thread/INFO]: Preparing spawn area: 6%
[15:36:24] [Server thread/INFO]: Preparing spawn area: 66%
[15:36:27] [Server thread/INFO]: Changing view distance to 12, from 10
[15:36:29] [Server thread/INFO]: Player947[local:E:4f4622b6] logged in with entity id 50 at (-99.25623918642039, 4.0, -435.3264116110036)
[15:36:29] [Server thread/INFO]: Player947 joined the game
[15:36:36] [Server thread/WARN]: Can't keep up! Did the system time change, or is the server overloaded? Running 9163ms behind, skipping 183 tick(s)
[15:36:55] [Server thread/WARN]: Can't keep up! Did the system time change, or is the server overloaded? Running 11187ms behind, skipping 223 tick(s)
[15:37:06] [Server thread/WARN]: Can't keep up! Did the system time change, or is the server overloaded? Running 5389ms behind, skipping 107 tick(s)
[15:37:07] [Server thread/INFO]: Player947 has just earned the achievement [Taking Inventory]
[15:37:08] [Client thread/INFO]: [CHAT] Player947 has just earned the achievement [Taking Inventory]
[15:38:37] [Server thread/INFO]: Saving and pausing game...
[15:38:37] [Server thread/INFO]: Saving chunks for level 'New World'/Overworld
[15:38:37] [Server thread/INFO]: Saving chunks for level 'New World'/Nether
[15:38:37] [Server thread/INFO]: Saving chunks for level 'New World'/The End
[15:38:38] [Server thread/INFO]: Stopping server
[15:38:38] [Server thread/INFO]: Saving players
[15:38:38] [Server thread/INFO]: Saving worlds
[15:38:38] [Server thread/INFO]: Saving chunks for level 'New World'/Overworld
[15:38:38] [Server thread/INFO]: Saving chunks for level 'New World'/Nether
[15:38:38] [Server thread/INFO]: Saving chunks for level 'New World'/The End
[15:38:42] [Client thread/INFO]: Stopping!
[15:38:42] [Client thread/INFO]: SoundSystem shutting down...
[15:38:42] [Client thread/WARN]: Author: Paul Lamb, www.paulscode.com
[16:12:30] [Client thread/INFO]: Setting user: Player966
[16:12:46] [Client thread/INFO]: LWJGL Version: 2.9.1
[16:13:02] [Client thread/INFO]: Reloading ResourceManager: Default, FMLFileResourcePack:Forge Mod Loader, FMLFileResourcePack:Minecraft Forge, FMLFileResourcePack:Fragile Glass
[16:13:05] [Sound Library Loader/INFO]: Starting up SoundSystem...
[16:13:06] [Thread-6/INFO]: Initializing LWJGL OpenAL
[16:13:06] [Thread-6/INFO]: (The LWJGL binding of OpenAL.  For more information, see http://www.lwjgl.org)
[16:13:07] [Thread-6/INFO]: OpenAL initialized.
[16:13:07] [Sound Library Loader/INFO]: Sound engine started
[16:13:29] [Client thread/INFO]: Created: 512x512 textures-atlas
[16:13:34] [Client thread/INFO]: Reloading ResourceManager: Default, FMLFileResourcePack:Forge Mod Loader, FMLFileResourcePack:Minecraft Forge, FMLFileResourcePack:Fragile Glass
[16:13:34] [Client thread/INFO]: SoundSystem shutting down...
[16:13:35] [Client thread/WARN]: Author: Paul Lamb, www.paulscode.com
[16:13:35] [Sound Library Loader/INFO]: Starting up SoundSystem...
[16:13:35] [Thread-8/INFO]: Initializing LWJGL OpenAL
[16:13:35] [Thread-8/INFO]: (The LWJGL binding of OpenAL.  For more information, see http://www.lwjgl.org)
[16:13:35] [Thread-8/INFO]: OpenAL initialized.
[16:13:35] [Sound Library Loader/INFO]: Sound engine started
[16:13:52] [Client thread/INFO]: Created: 512x512 textures-atlas
[16:15:27] [Server thread/INFO]: Starting integrated minecraft server version 1.8
[16:15:27] [Server thread/INFO]: Generating keypair
[16:15:29] [Server thread/INFO]: Preparing start region for level 0
[16:15:30] [Server thread/INFO]: Preparing spawn area: 1%
[16:15:31] [Server thread/INFO]: Preparing spawn area: 7%
[16:15:32] [Server thread/INFO]: Preparing spawn area: 65%
[16:15:35] [Server thread/INFO]: Changing view distance to 12, from 10
[16:15:38] [Server thread/INFO]: Player966[local:E:e0e2d07d] logged in with entity id 51 at (-99.25623918642039, 4.0, -435.3264116110036)
[16:15:38] [Server thread/INFO]: Player966 joined the game
[16:15:52] [Server thread/WARN]: Can't keep up! Did the system time change, or is the server overloaded? Running 14985ms behind, skipping 299 tick(s)
[16:16:01] [Server thread/INFO]: Saving and pausing game...
[16:16:01] [Server thread/INFO]: Saving chunks for level 'New World'/Overworld
[16:16:01] [Server thread/INFO]: Saving chunks for level 'New World'/Nether
[16:16:01] [Server thread/INFO]: Saving chunks for level 'New World'/The End
[16:16:01] [Server thread/WARN]: Can't keep up! Did the system time change, or is the server overloaded? Running 4928ms behind, skipping 98 tick(s)
[16:16:02] [Server thread/INFO]: Stopping server
[16:16:02] [Server thread/INFO]: Saving players
[16:16:02] [Server thread/INFO]: Saving worlds
[16:16:02] [Server thread/INFO]: Saving chunks for level 'New World'/Overworld
[16:16:02] [Server thread/INFO]: Saving chunks for level 'New World'/Nether
[16:16:02] [Server thread/INFO]: Saving chunks for level 'New World'/The End
[16:16:08] [Client thread/INFO]: Stopping!
[16:16:08] [Client thread/INFO]: SoundSystem shutting down...
[16:16:08] [Client thread/WARN]: Author: Paul Lamb, www.paulscode.com
