[21:04:24] [Client thread/INFO]: Setting user: Player877
[21:04:39] [Client thread/INFO]: LWJGL Version: 2.9.1
[21:05:01] [Client thread/INFO]: Reloading ResourceManager: Default, FMLFileResourcePack:Forge Mod Loader, FMLFileResourcePack:Minecraft Forge, FMLFileResourcePack:Fragile Glass
[21:05:05] [Sound Library Loader/INFO]: Starting up SoundSystem...
[21:05:05] [Thread-7/INFO]: Initializing LWJGL OpenAL
[21:05:05] [Thread-7/INFO]: (The LWJGL binding of OpenAL.  For more information, see http://www.lwjgl.org)
[21:05:07] [Thread-7/INFO]: OpenAL initialized.
[21:05:07] [Sound Library Loader/INFO]: Sound engine started
[21:05:31] [Client thread/INFO]: Created: 512x512 textures-atlas
[21:05:38] [Client thread/INFO]: Reloading ResourceManager: Default, FMLFileResourcePack:Forge Mod Loader, FMLFileResourcePack:Minecraft Forge, FMLFileResourcePack:Fragile Glass
[21:05:38] [Client thread/INFO]: SoundSystem shutting down...
[21:05:38] [Client thread/WARN]: Author: Paul Lamb, www.paulscode.com
[21:05:38] [Sound Library Loader/INFO]: Starting up SoundSystem...
[21:05:39] [Thread-9/INFO]: Initializing LWJGL OpenAL
[21:05:39] [Thread-9/INFO]: (The LWJGL binding of OpenAL.  For more information, see http://www.lwjgl.org)
[21:05:39] [Thread-9/INFO]: OpenAL initialized.
[21:05:39] [Sound Library Loader/INFO]: Sound engine started
[21:05:55] [Client thread/INFO]: Created: 512x512 textures-atlas
[21:07:15] [Server thread/INFO]: Starting integrated minecraft server version 1.8
[21:07:15] [Server thread/INFO]: Generating keypair
[21:07:17] [Server thread/INFO]: Preparing start region for level 0
[21:07:18] [Server thread/INFO]: Preparing spawn area: 0%
[21:07:19] [Server thread/INFO]: Preparing spawn area: 6%
[21:07:20] [Server thread/INFO]: Preparing spawn area: 54%
[21:07:23] [Server thread/INFO]: Changing view distance to 12, from 10
[21:07:27] [Server thread/WARN]: Can't keep up! Did the system time change, or is the server overloaded? Running 2194ms behind, skipping 43 tick(s)
[21:07:28] [Server thread/INFO]: Player877[local:E:1c7ba02e] logged in with entity id 48 at (-122.15904388249655, 4.0, -435.78533162395695)
[21:07:28] [Server thread/INFO]: Player877 joined the game
[21:07:35] [Server thread/INFO]: Saving and pausing game...
[21:07:35] [Server thread/INFO]: Saving chunks for level 'New World'/Overworld
[21:07:36] [Server thread/INFO]: Saving chunks for level 'New World'/Nether
[21:07:36] [Server thread/INFO]: Saving chunks for level 'New World'/The End
[21:23:31] [Server thread/INFO]: Stopping server
[21:23:31] [Server thread/INFO]: Saving players
[21:23:31] [Server thread/INFO]: Saving worlds
[21:23:31] [Server thread/INFO]: Saving chunks for level 'New World'/Overworld
[21:23:31] [Server thread/INFO]: Saving chunks for level 'New World'/Nether
[21:23:31] [Server thread/INFO]: Saving chunks for level 'New World'/The End
[21:23:44] [Client thread/INFO]: Connecting to localhost, 25565
] [Server thread/INFO]: Preparing spawn area: 0%
[21:15:50] [Server thread/INFO]: Preparing spawn area: 1%
[21:15:51] [Server thread/INFO]: Preparing spawn area: 5%
[21:15:53] [Server thread/INFO]: Preparing spawn area: 12%
[21:15:54] [Server thread/INFO]: Preparing spawn area: 20%
[21:15:55] [Server thread/INFO]: Preparing spawn area: 37%
[21:15:57] [Server thread/INFO]: Preparing spawn area: 47%
[21:15:58] [Server thread/INFO]: Preparing spawn area: 62%
[21:15:59] [Server thread/INFO]: Preparing spawn area: 70%
[21:16:01] [Server thread/INFO]: Preparing spawn area: 81%
[21:16:02] [Server thread/INFO]: Preparing spawn area: 90%
[21:16:02] [Server thread/INFO]: Done (29.148s)! For help, type "help" or "?"
[21:16:04] [Server Watchdog/FATAL]: A single server tick took 80.11 seconds (should be max 0.05)
[21:16:04] [Server Watchdog/FATAL]: Considering it to be crashed, server will forcibly shutdown.
[21:16:04] [Server Watchdog/ERROR]: This crash report has been saved to: C:\Users\user\Desktop\DEV\Minecraft Mods\Fragile-Glass-1.8\eclipse\.\crash-reports\crash-2015-05-07_21.16.04-server.txt
[21:16:08] [Server thread/WARN]: Can't keep up! Did the system time change, or is the server overloaded? Running 3673ms behind, skipping 73 tick(s)
[21:16:47] [Server thread/WARN]: Can't keep up! Did the system time change, or is the server overloaded? Running 17610ms behind, skipping 352 tick(s)
[21:17:08] [Server thread/WARN]: Can't keep up! Did the system time change, or is the server overloaded? Running 3991ms behind, skipping 79 tick(s)
[21:18:44] [Server thread/WARN]: Can't keep up! Did the system time change, or is the server overloaded? Running 2693ms behind, skipping 53 tick(s)
[21:19:59] [Server thread/WARN]: Can't keep up! Did the system time change, or is the server overloaded? Running 3003ms behind, skipping 60 tick(s)
[21:20:17] [Server thread/WARN]: Can't keep up! Did the system time change, or is the server overloaded? Running 5950ms behind, skipping 119 tick(s)
[21:20:56] [Server thread/WARN]: Can't keep up! Did the system time change, or is the server overloaded? Running 3774ms behind, skipping 75 tick(s)
[21:22:02] [Server thread/WARN]: Can't keep up! Did the system time change, or is the server overloaded? Running 3022ms behind, skipping 60 tick(s)
[21:22:34] [Server thread/WARN]: Can't keep up! Did the system time change, or is the server overloaded? Running 2231ms behind, skipping 44 tick(s)
[21:23:44] [Server thread/WARN]: Can't keep up! Did the system time change, or is the server overloaded? Running 2060ms behind, skipping 41 tick(s)
[21:23:47] [Server thread/INFO]: com.mojang.authlib.GameProfile@551470da[id=<null>,name=Player877,properties={},legacy=false] (/127.0.0.1:49730) lost connection: Disconnected
[21:24:09] [Server thread/INFO]: Stopping server
[21:24:09] [Server thread/INFO]: Saving players
[21:24:09] [Server thread/INFO]: Saving worlds
[21:24:09] [Server thread/INFO]: Saving chunks for level 'world'/Overworld
[21:24:10] [Server thread/INFO]: Saving chunks for level 'world'/Nether
[21:24:10] [Server thread/INFO]: Saving chunks for level 'world'/The End
