[12:50:31] [Client thread/INFO]: Setting user: Player293
[12:51:02] [Client thread/INFO]: LWJGL Version: 2.9.1
[12:51:42] [Client thread/INFO]: Reloading ResourceManager: Default, FML[12:52:58] [Server thread/INFO]: Loading properties
[12:52:59] [Server thread/WARN]: server.properties does not exist
[12:52:59] [Server thread/INFO]: Generating new properties file
[12:52:59] [Server thread/WARN]: Failed to load eula.txt
[12:52:59] [Server thread/INFO]: You need to agree to the EULA in order to run the server. Go to eula.txt for more info.
[12:54:06] [Server thread/INFO]: An unknown error occurred while attempting to perform this command
[12:54:06] [Server thread/ERROR]: Couldn't process command: 'stop'
java.lang.ArrayIndexOutOfBoundsException: 0
	at net.minecraft.server.MinecraftServer.sendCommandFeedback(MinecraftServer.java:1502) ~[MinecraftServer.class:?]
	at net.minecraft.command.ServerCommandManager.notifyOperators(ServerCommandManager.java:118) ~[ServerCommandManager.class:?]
	at net.minecraft.command.CommandBase.notifyOperators(CommandBase.java:716) ~[CommandBase.class:?]
	at net.minecraft.command.CommandBase.notifyOperators(CommandBase.java:709) ~[CommandBase.class:?]
	at net.minecraft.command.server.CommandStop.execute(CommandStop.java:32) ~[CommandStop.class:?]
	at net.minecraft.command.CommandHandler.tryExecute(CommandHandler.java:110) [CommandHandler.class:?]
	at net.minecraft.command.CommandHandler.executeC[13:06:05] [Client thread/INFO]: Connecting to localhost, 25565
inecraft.server.dedicated.DedicatedServer.executePendingCommands(DedicatedServer.java:424) [DedicatedServer.class:?]
	at net.minecraft.server.dedicated.DedicatedServer.finalTick(DedicatedServer.java:336) [DedicatedServer.class:?]
	at net.minecraft.server.MinecraftServer.run(MinecraftServer.java:553) [MinecraftServer.class:?]
	at java.lang.Thread.run(Thread.java:745) [?:1.7.0_72]
[12:57:14] [Server thread/INFO]: Starting minecraft server version 1.8
[12:59:09] [Server thread/INFO]: Loading properties
[12:59:13] [Server thread/INFO]: Default game type: SURVIVAL
[12:59:14] [Server thread/INFO]: Generating keypair
[12:59:14] [Server thread/INFO]: Starting Minecraft server on *:25565
[12:59:30] [Server thread/WARN]: Failed to load user banlist: 
java.io.FileNotFoundException: banned-players.json (The system cannot find the file specified)
	at java.io.FileInputStream.open(Native Method) ~[?:1.7.0_72]
	at java.io.FileInputStream.<init>(FileInputStream.java:146) ~[?:1.7.0_72]
	at com.google.common.io.Files.newReader(Files.java:86) ~[guava-17.0.jar:?]
	at net.minecraft.server.management.UserList.readSavedFile(UserList.java:205) ~[UserList.class:?]
	at net.minecraft.server.dedicated.DedicatedPlayerList.loadUserBansList(DedicatedPlayerList.java:124) [DedicatedPlayerList.class:?]
	at net.minecraft.server.dedicated.DedicatedPlayerList.<init>(DedicatedPlayerList.java:31) [DedicatedPlayerList.class:?]
	at net.minecraft.server.dedicated.DedicatedServer.startServer(DedicatedServer.java:214) [DedicatedServer.class:?]
	at net.minecraft.server.MinecraftServer.run(MinecraftServer.java:500) [MinecraftServer.class:?]
	at java.lang.Thread.run(Thread.java:745) [?:1.7.0_72]
[12:59:31] [Server thread/WARN]: Failed to load ip banlist: 
java.io.FileNotFoundException: banned-ips.json (The system cannot find the file specified)
	at java.io.FileInputStream.open(Native Method) ~[?:1.7.0_72]
	at java.io.FileInputStream.<init>(FileInputStream.java:146) ~[?:1.7.0_72]
	at com.google.common.io.Files.newReader(Files.java:86) ~[guava-17.0.jar:?]
	at net.minecraft.server.management.UserList.readSavedFile(UserList.java:205) ~[UserList.class:?]
	at net.minecraft.server.dedicated.DedicatedPlayerList.loadIpBanList(DedicatedPlayerList.java:112) [DedicatedPlayerList.class:?]
	at net.minecraft.server.dedicated.DedicatedPlayerList.<init>(DedicatedPlayerList.java:33) [DedicatedPlayerList.class:?]
	at net.minecraft.server.dedicated.DedicatedServer.startServer(DedicatedServer.java:214) [DedicatedServer.class:?]
	at net.minecraft.server.MinecraftServer.run(MinecraftServer.java:500) [MinecraftServer.class:?]
	at java.lang.Thread.run(Thread.java:745) [?:1.7.0_72]
[12:59:31] [Server thread/WARN]: Failed to load operators list: 
java.io.FileNotFoundException: ops.json (The system cannot find the file specified)
	at java.io.FileInputStream.open(Native Method) ~[?:1.7.0_72]
	at java.io.FileInputStream.<init>(FileInputStream.java:146) ~[?:1.7.0_72]
	at com.google.common.io.Files.newReader(Files.java:86) ~[guava-17.0.jar:?]
	at net.minecraft.server.management.UserList.readSavedFile(UserList.java:205) ~[UserList.class:?]
	at net.minecraft.server.dedicated.DedicatedPlayerList.loadOpsList(DedicatedPlayerList.java:136) [DedicatedPlayerList.class:?]
	at net.minecraft.server.dedicated.DedicatedPlayerList.<init>(DedicatedPlayerList.java:35) [DedicatedPlayerList.class:?]
	at net.minecraft.server.dedicated.DedicatedServer.startServer(DedicatedServer.java:214) [DedicatedServer.class:?]
	at net.minecraft.server.MinecraftServer.run(MinecraftServer.java:500) [MinecraftServer.class:?]
	at java.lang.Thread.run(Thread.java:745) [?:1.7.0_72]
[12:59:31] [Server thread/WARN]: Failed to load white-list: 
java.io.FileNotFoundException: whitelist.json (The system cannot find the file specified)
	at java.io.FileInputStream.open(Native Method) ~[?:1.7.0_72]
	at java.io.FileInputStream.<init>(FileInputStream.java:146) ~[?:1.7.0_72]
	at com.google.common.io.Files.newReader(Files.java:86) ~[guava-17.0.jar:?]
	at net.minecraft.server.management.UserList.readSavedFile(UserList.java:205) ~[UserList.class:?]
	at net.minecraft.server.dedicated.DedicatedPlayerList.readWhiteList(DedicatedPlayerList.java:160) [DedicatedPlayerList.class:?]
	at net.minecraft.server.dedicated.DedicatedPlayerList.<init>(DedicatedPlayerList.java:36) [DedicatedPlayerList.class:?]
	at net.minecraft.server.dedicated.DedicatedServer.startServer(DedicatedServer.java:214) [DedicatedServer.class:?]
	at net.minecraft.server.MinecraftServer.run(MinecraftServer.java:500) [MinecraftServer.class:?]
	at java.lang.Thread.run(Thread.java:745) [?:1.7.0_72]
[12:59:31] [Server thread/INFO]: Preparing level "world"
[13:00:08] [Server thread/INFO]: Preparing start region for level 0
[13:00:10] [Server thread/INFO]: Preparing spawn area: 0%
[13:00:11] [Server thread/INFO]: Preparing spawn area: 0%
[13:00:13] [Server thread/INFO]: Preparing spawn area: 1%
[13:00:14] [Server thread/INFO]: Preparing spawn area: 2%
[13:00:15] [Server thread/INFO]: Preparing spawn area: 3%
[13:00:17] [Server thread/INFO]: Preparing spawn area: 3%
[13:00:19] [Server thread/INFO]: Preparing spawn area: 3%
[13:00:25] [Server thread/INFO]: Preparing spawn area: 4%
[13:00:26] [Server thread/INFO]: Preparing spawn area: 4%
[13:00:28] [Server thread/INFO]: Preparing spawn area: 4%
[13:00:29] [Server thread/INFO]: Preparing spawn area: 5%
[13:00:31] [Server thread/INFO]: Preparing spawn area: 6%
[13:00:34] [Server thread/INFO]: Preparing spawn area: 6%
[13:00:35] [Server thread/INFO]: Preparing spawn area: 7%
[13:00:36] [Server thread/INFO]: Preparing spawn area: 7%
[13:00:38] [Server thread/INFO]: Preparing spawn area: 8%
[13:00:40] [Server thread/INFO]: Preparing spawn area: 8%
[13:00:42] [Server thread/INFO]: Preparing spawn area: 8%
[13:00:46] [Server thread/INFO]: Preparing spawn area: 9%
[13:00:47] [Server thread/INFO]: Preparing spawn area: 10%
[13:00:49] [Server thread/INFO]: Preparing spawn area: 10%
[13:00:50] [Server thread/INFO]: Preparing spawn area: 10%
[13:00:51] [Server thread/INFO]: Preparing spawn area: 10%
[13:00:54] [Server thread/INFO]: Preparing spawn area: 11%
[13:00:55] [Server thread/INFO]: Preparing spawn area: 11%
[13:00:57] [Server thread/INFO]: Preparing spawn area: 13%
[13:00:58] [Server thread/INFO]: Preparing spawn area: 13%
[13:00:59] [Server thread/INFO]: Preparing spawn area: 14%
[13:01:02] [Server thread/INFO]: Preparing spawn area: 16%
[13:01:04] [Server thread/INFO]: Preparing spawn area: 18%
[13:01:06] [Server thread/INFO]: Preparing spawn area: 19%
[13:01:08] [Server thread/INFO]: Preparing spawn area: 20%
[13:01:10] [Server thread/INFO]: Preparing spawn area: 22%
[13:01:11] [Server thread/INFO]: Preparing spawn area: 22%
[13:01:13] [Server thread/INFO]: Preparing spawn area: 24%
[13:01:14] [Server thread/INFO]: Preparing spawn area: 25%
[13:01:15] [Server thread/INFO]: Preparing spawn area: 25%
[13:01:17] [Server thread/INFO]: Preparing spawn area: 25%
[13:01:21] [Server thread/INFO]: Preparing spawn area: 26%
[13:01:24] [Server thread/INFO]: Preparing spawn area: 27%
[13:01:26] [Server thread/INFO]: Preparing spawn area: 28%
[13:01:30] [Server thread/INFO]: Preparing spawn area: 29%
[13:01:36] [Server thread/INFO]: Preparing spawn area: 31%
[13:01:37] [Server thread/INFO]: Preparing spawn area: 32%
[13:01:39] [Server thread/INFO]: Preparing spawn area: 33%
[13:01:40] [Server thread/INFO]: Preparing spawn area: 33%
[13:01:42] [Server thread/INFO]: Preparing spawn area: 34%
[13:01:44] [Server thread/INFO]: Preparing spawn area: 35%
[13:01:45] [Server thread/INFO]: Preparing spawn area: 35%
[13:01:47] [Server thread/INFO]: Preparing spawn area: 36%
[13:01:49] [Server thread/INFO]: Preparing spawn area: 36%
[13:01:50] [Server thread/INFO]: Preparing spawn area: 38%
[13:01:51] [Server thread/INFO]: Preparing spawn area: 38%
[13:01:53] [Server thread/INFO]: Preparing spawn area: 40%
[13:01:54] [Server thread/INFO]: Preparing spawn area: 41%
[13:01:56] [Server thread/INFO]: Preparing spawn area: 42%
[13:01:58] [Server thread/INFO]: Preparing spawn area: 44%
[13:02:00] [Server thread/INFO]: Preparing spawn area: 44%
[13:02:02] [Server thread/INFO]: Preparing spawn area: 46%
[13:02:03] [Server thread/INFO]: Preparing spawn area: 46%
[13:02:05] [Server thread/INFO]: Preparing spawn area: 47%
[13:02:06] [Server thread/INFO]: Preparing spawn area: 49%
[13:02:08] [Server thread/INFO]: Preparing spawn area: 49%
[13:02:10] [Server thread/INFO]: Preparing spawn area: 49%
[13:02:11] [Server thread/INFO]: Preparing spawn area: 49%
[13:02:14] [Server thread/INFO]: Preparing spawn area: 50%
[13:02:18] [Server thread/INFO]: Preparing spawn area: 52%
[13:02:19] [Server thread/INFO]: Preparing spawn area: 54%
[13:02:22] [Server thread/INFO]: Preparing spawn area: 55%
[13:02:25] [Server thread/INFO]: Preparing spawn area: 56%
[13:02:27] [Server thread/INFO]: Preparing spawn area: 58%
[13:02:28] [Server thread/INFO]: Preparing spawn area: 58%
[13:02:30] [Server thread/INFO]: Preparing spawn area: 59%
[13:02:31] [Server thread/INFO]: Preparing spawn area: 60%
[13:02:32] [Server thread/INFO]: Preparing spawn area: 60%
[13:02:35] [Server thread/INFO]: Preparing spawn area: 60%
[13:02:36] [Server thread/INFO]: Preparing spawn area: 61%
[13:02:38] [Server thread/INFO]: Preparing spawn area: 61%
[13:02:42] [Server thread/INFO]: Preparing spawn area: 63%
[13:02:45] [Server thread/INFO]: Preparing spawn area: 65%
[13:02:50] [Server thread/INFO]: Preparing spawn area: 67%
[13:02:55] [Server thread/INFO]: Preparing spawn area: 67%
[13:02:57] [Server thread/INFO]: Preparing spawn area: 67%
[13:02:59] [Server thread/INFO]: Preparing spawn area: 68%
[13:03:02] [Server thread/INFO]: Preparing spawn area: 70%
[13:03:06] [Server thread/INFO]: Preparing spawn area: 71%
[13:03:07] [Server thread/INFO]: Preparing spawn area: 72%
[13:03:10] [Server thread/INFO]: Preparing spawn area: 72%
[13:03:12] [Server thread/INFO]: Preparing spawn area: 74%
[13:03:13] [Server thread/INFO]: Preparing spawn area: 74%
[13:03:18] [Server thread/INFO]: Preparing spawn area: 74%
[13:03:20] [Server thread/INFO]: Preparing spawn area: 76%
[13:03:21] [Server thread/INFO]: Preparing spawn area: 78%
[13:03:24] [Server thread/INFO]: Preparing spawn area: 78%
[13:03:27] [Server thread/INFO]: Preparing spawn area: 78%
[13:03:29] [Server thread/INFO]: Preparing spawn area: 78%
[13:03:36] [Server thread/INFO]: Preparing spawn area: 80%
[13:03:40] [Server thread/INFO]: Preparing spawn area: 81%
[13:03:41] [Server thread/INFO]: Preparing spawn area: 81%
[13:03:42] [Server thread/INFO]: Preparing spawn area: 81%
[13:03:45] [Server thread/INFO]: Preparing spawn area: 83%
[13:03:48] [Server thread/INFO]: Preparing spawn area: 83%
[13:03:51] [Server thread/INFO]: Preparing spawn area: 84%
[13:03:52] [Server thread/INFO]: Preparing spawn area: 84%
[13:03:55] [Server thread/INFO]: Preparing spawn area: 84%
[13:03:56] [Server thread/INFO]: Preparing spawn area: 84%
[13:04:03] [Server thread/INFO]: Preparing spawn area: 84%
[13:04:05] [Server thread/INFO]: Preparing spawn area: 85%
[13:04:06] [Server thread/INFO]: Preparing spawn area: 85%
[13:04:08] [Server thread/INFO]: Preparing spawn area: 87%
[13:04:15] [Server thread/INFO]: Preparing spawn area: 87%
[13:04:16] [Server thread/INFO]: Preparing spawn area: 87%
[13:04:17] [Server thread/INFO]: Preparing spawn area: 87%
[13:04:20] [Server thread/INFO]: Preparing spawn area: 88%
[13:04:22] [Server thread/INFO]: Preparing spawn area: 88%
[13:04:23] [Server thread/INFO]: Preparing spawn area: 88%
[13:04:27] [Server thread/INFO]: Preparing spawn area: 90%
[13:04:28] [Server thread/INFO]: Preparing spawn area: 90%
[13:04:31] [Server thread/INFO]: Preparing spawn area: 90%
[13:04:33] [Server thread/INFO]: Preparing spawn area: 91%
[13:04:36] [Server thread/INFO]: Preparing spawn area: 92%
[13:04:37] [Server thread/INFO]: Preparing spawn area: 92%
[13:04:39] [Server thread/INFO]: Preparing spawn area: 93%
[13:04:40] [Server thread/INFO]: Preparing spawn area: 93%
[13:04:43] [Server thread/INFO]: Preparing spawn area: 95%
[13:04:45] [Server thread/INFO]: Preparing spawn area: 95%
[13:04:51] [Server thread/INFO]: Preparing spawn area: 95%
[13:04:54] [Server thread/INFO]: Preparing spawn area: 97%
[13:04:56] [Server thread/INFO]: Preparing spawn area: 97%
[13:04:57] [Server thread/INFO]: Preparing spawn area: 98%
[13:04:59] [Server thread/INFO]: Preparing spawn area: 98%
[13:05:00] [Server thread/INFO]: Preparing spawn area: 98%
[13:05:00] [Server thread/INFO]: Done (329.463s)! For help, type "help" or "?"
[13:05:24] [Server thread/WARN]: Can't keep up! Did the system time change, or is the server overloaded? Running 21903ms behind, skipping 438 tick(s)
[13:05:29] [Server thread/WARN]: Can't keep up! Did the system time change, or is the server overloaded? Running 4843ms behind, skipping 96 tick(s)
[13:05:44] [Server thread/WARN]: Can't keep up! Did the system time change, or is the server overloaded? Running 4562ms behind, skipping 91 tick(s)
[13:05:59] [Server thread/WARN]: Can't keep up! Did the system time change, or is the server overloaded? Running 2232ms behind, skipping 44 tick(s)
[13:06:09] [Server thread/INFO]: com.mojang.authlib.GameProfile@4e83345b[id=<null>,name=Player293,properties={},legacy=false] (/127.0.0.1:50612) lost connection: Disconnected
[13:06:42] [Server thread/INFO]: Stopping the server
[13:06:44] [Server thread/INFO]: Stopping server
[13:06:46] [Server thread/INFO]: Saving players
[13:06:46] [Server thread/INFO]: Saving worlds
[13:06:46] [Server thread/INFO]: Saving chunks for level 'world'/Overworld
[13:06:47] [Server thread/INFO]: Saving chunks for level 'world'/Nether
[13:06:47] [Server thread/INFO]: Saving chunks for level 'world'/The End
