[15:58:13] [Client thread/INFO]: Setting user: Player646
[15:58:27] [Client thread/INFO]: LWJGL Version: 2.9.1
[15:58:42] [Client thread/INFO]: Reloading ResourceManager: Default, FMLFileResourcePack:Forge Mod Loader, FMLFileResourcePack:Minecraft Forge, FMLFileResourcePack:Fragile Glass
[15:58:46] [Sound Library Loader/INFO]: Starting up SoundSystem...
[15:58:47] [Thread-7/INFO]: Initializing LWJGL OpenAL
[15:58:47] [Thread-7/INFO]: (The LWJGL binding of OpenAL.  For more information, see http://www.lwjgl.org)
[15:58:48] [Thread-7/INFO]: OpenAL initialized.
[15:58:48] [Sound Library Loader/INFO]: Sound engine started
[15:59:10] [Client thread/INFO]: Created: 512x512 textures-atlas
[15:59:23] [Client thread/INFO]: Reloading ResourceManager: Default, FMLFileResourcePack:Forge Mod Loader, FMLFileResourcePack:Minecraft Forge, FMLFileResourcePack:Fragile Glass
[15:59:23] [Client thread/INFO]: SoundSystem shutting down...
[15:59:24] [Client thread/WARN]: Author: Paul Lamb, www.paulscode.com
[15:59:24] [Sound Library Loader/INFO]: Starting up SoundSystem...
[15:59:24] [Thread-9/INFO]: Initializing LWJGL OpenAL
[15:59:24] [Thread-9/INFO]: (The LWJGL binding of OpenAL.  For more information, see http://www.lwjgl.org)
[15:59:24] [Thread-9/INFO]: OpenAL initialized.
[15:59:24] [Sound Library Loader/INFO]: Sound engine started
[15:59:44] [Client thread/INFO]: Created: 512x512 textures-atlas
[16:00:17] [Server thread/INFO]: Starting integrated minecraft server version 1.8
[16:00:17] [Server thread/INFO]: Generating keypair
[16:00:20] [Server thread/INFO]: Preparing start region for level 0
[16:00:21] [Server thread/INFO]: Preparing spawn area: 1%
[16:00:22] [Server thread/INFO]: Preparing spawn area: 14%
[16:00:23] [Server thread/INFO]: Preparing spawn area: 68%
[16:00:26] [Server thread/INFO]: Changing view distance to 5, from 10
[16:00:26] [Server thread/WARN]: Can't keep up! Did the system time change, or is the server overloaded? Running 2201ms behind, skipping 44 tick(s)
[16:00:27] [Server thread/INFO]: Player646[local:E:36735466] logged in with entity id 48 at (-122.15904388249655, 4.0, -435.78533162395695)
[16:00:27] [Server thread/INFO]: Player646 joined the game
[16:00:31] [Server thread/INFO]: Saving and pausing game...
[16:00:31] [Server thread/INFO]: Saving chunks for level 'New World'/Overworld
[16:00:32] [Server thread/INFO]: Saving chunks for level 'New World'/Nether
[16:00:32] [Server thread/INFO]: Saving chunks for level 'New World'/The End
[16:00:57] [Server thread/WARN]: Can't keep up! Did the system time change, or is the server overloaded? Running 3270ms behind, skipping 65 tick(s)
[16:01:19] [Server thread/INFO]: Player646 has just earned the achievement [Taking Inventory]
[16:01:21] [Client thread/INFO]: [CHAT] Player646 has just earned the achievement [Taking Inventory]
[16:01:21] [Server thread/INFO]: Saving and pausing game...
[16:01:21] [Server thread/INFO]: Saving chunks for level 'New World'/Overworld
[16:01:21] [Server thread/INFO]: Saving chunks for level 'New World'/Nether
[16:01:21] [Server thread/INFO]: Saving chunks for level 'New World'/The End
[16:01:21] [Server thread/WARN]: Can't keep up! Did the system time change, or is the server overloaded? Running 7485ms behind, skipping 149 tick(s)
[16:01:26] [Server thread/INFO]: [Player646: Set the time to 0]
[16:01:26] [Client thread/INFO]: [CHAT] Set the time to 0
[16:08:34] [Server thread/INFO]: Saving and pausing game...
[16:08:35] [Server thread/INFO]: Saving chunks for level 'New World'/Overworld
[16:08:35] [Server thread/INFO]: Saving chunks for level 'New World'/Nether
[16:08:35] [Server thread/INFO]: Saving chunks for level 'New World'/The End
[16:12:59] [Server thread/INFO]: Saving and pausing game...
[16:12:59] [Server thread/INFO]: Saving chunks for level 'New World'/Overworld
[16:13:00] [Server thread/INFO]: Saving chunks for level 'New World'/Nether
[16:13:00] [Server thread/INFO]: Saving chunks for level 'New World'/The End
[16:13:01] [Server thread/INFO]: Stopping server
[16:13:01] [Server thread/INFO]: Saving players
[16:13:01] [Server thread/INFO]: Saving worlds
[16:13:01] [Server thread/INFO]: Saving chunks for level 'New World'/Overworld
[16:13:01] [Server thread/INFO]: Saving chunks for level 'New World'/Nether
[16:13:01] [Server thread/INFO]: Saving chunks for level 'New World'/The End
