[19:59:33] [Server thread/INFO]: Starting minecraft server version 1.8
[20:00:23] [Server thread/INFO]: Loading properties
[20:00:24] [Server thread/INFO]: Default game type: SURVIVAL
[20:00:24] [Server thread/INFO]: Generating keypair
[20:00:27] [Server thread/INFO]: Starting Minecraft server on *:25565
[20:00:41] [Server thread/WARN]: Failed to load user banlist: 
java.io.FileNotFoundException: banned-players.json (The system cannot find the file specified)
	at java.io.FileInputStream.open(Native Method) ~[?:1.7.0_72]
	at java.io.FileInputStream.<init>(FileInputStream.java:146) ~[?:1.7.0_72]
	at com.google.common.io.Files.newReader(Files.java:86) ~[guava-17.0.jar:?]
	at net.minecraft.server.management.UserList.readSavedFile(UserList.java:205) ~[UserList.class:?]
	at net.minecraft.server.dedicated.DedicatedPlayerList.loadUserBansList(DedicatedPlayerList.java:124) [DedicatedPlayerList.class:?]
	at net.minecraft.server.dedicated.DedicatedPlayerList.<init>(DedicatedPlayerList.java:31) [DedicatedPlayerList.class:?]
	at net.minecraft.server.dedicated.DedicatedServer.startServer(DedicatedServer.java:214) [DedicatedServer.class:?]
	at net.minecraft.server.MinecraftServer.run(MinecraftServer.java:500) [MinecraftServer.class:?]
	at java.lang.Thread.run(Thread.java:745) [?:1.7.0_72]
[20:00:41] [Server thread/WARN]: Failed to load ip banlist: 
java.io.FileNotFoundException: banned-ips.json (The system cannot find the file specified)
	at java.io.FileInputStream.open(Native Method) ~[?:1.7.0_72]
	at java.io.FileInputStream.<init>(FileInputStream.java:146) ~[?:1.7.0_72]
	at com.google.common.io.Files.newReader(Files.java:86) ~[guava-17.0.jar:?]
	at net.minecraft.server.management.UserList.readSavedFile(UserList.java:205) ~[UserList.class:?]
	at net.minecraft.server.dedicated.DedicatedPlayerList.loadIpBanList(DedicatedPlayerList.java:112) [DedicatedPlayerList.class:?]
	at net.minecraft.server.dedicated.DedicatedPlayerList.<init>(DedicatedPlayerList.java:33) [DedicatedPlayerList.class:?]
	at net.minecraft.server.dedicated.DedicatedServer.startServer(DedicatedServer.java:214) [DedicatedServer.class:?]
	at net.minecraft.server.MinecraftServer.run(MinecraftServer.java:500) [MinecraftServer.class:?]
	at java.lang.Thread.run(Thread.java:745) [?:1.7.0_72]
[20:00:41] [Server thread/WARN]: Failed to load operators list: 
java.io.FileNotFoundException: ops.json (The system cannot find the file specified)
	at java.io.FileInputStream.open(Native Method) ~[?:1.7.0_72]
	at java.io.FileInputStream.<init>(FileInputStream.java:146) ~[?:1.7.0_72]
	at com.google.common.io.Files.newReader(Files.java:86) ~[guava-17.0.jar:?]
	at net.minecraft.server.management.UserList.readSavedFile(UserList.java:205) ~[UserList.class:?]
	at net.minecraft.server.dedicated.DedicatedPlayerList.loadOpsList(DedicatedPlayerList.java:136) [DedicatedPlayerList.class:?]
	at net.minecraft.server.dedicated.DedicatedPlayerList.<init>(DedicatedPlayerList.java:35) [DedicatedPlayerList.class:?]
	at net.minecraft.server.dedicated.DedicatedServer.startServer(DedicatedServer.java:214) [DedicatedServer.class:?]
	at net.minecraft.server.MinecraftServer.run(MinecraftServer.java:500) [MinecraftServer.class:?]
	at java.lang.Thread.run(Thread.java:745) [?:1.7.0_72]
[20:00:41] [Server thread/WARN]: Failed to load white-list: 
java.io.FileNotFoundException: whitelist.json (The system cannot find the file specified)
	at java.io.FileInputStream.open(Native Method) ~[?:1.7.0_72]
	at java.io.FileInputStream.<init>(FileInputStream.java:146) ~[?:1.7.0_72]
	at com.google.common.io.Files.newReader(Files.java:86) ~[guava-17.0.jar:?]
	at net.minecraft.server.management.UserList.readSavedFile(UserList.java:205) ~[UserList.class:?]
	at net.minecraft.server.dedicated.DedicatedPlayerList.readWhiteList(DedicatedPlayerList.java:160) [DedicatedPlayerList.class:?]
	at net.minecraft.server.dedicated.DedicatedPlayerList.<init>(DedicatedPlayerList.java:36) [DedicatedPlayerList.class:?]
	at net.minecraft.server.dedicated.DedicatedServer.startServer(DedicatedServer.java:214) [DedicatedServer.class:?]
	at net.minecraft.server.MinecraftServer.run(MinecraftServer.java:500) [MinecraftServer.class:?]
	at java.lang.Thread.run(Thread.java:745) [?:1.7.0_72]
[20:00:41] [Server thread/INFO]: Preparing level "world"
[20:01:00] [Server thread/INFO]: Preparing start region for level 0
[20:01:02] [Server thread/INFO]: Preparing spawn area: 0%
[20:01:17] [Server thread/INFO]: Preparing spawn area: 0%
[20:01:18] [Server thread/INFO]: Preparing spawn area: 2%
[20:01:19] [Server thread/INFO]: Preparing spawn area: 3%
[20:01:21] [Server thread/INFO]: Preparing spawn area: 4%
[20:01:22] [Server thread/INFO]: Preparing spawn area: 4%
[20:01:25] [Server thread/INFO]: Preparing spawn area: 4%
[20:01:26] [Server thread/INFO]: Preparing spawn area: 4%
[20:01:28] [Server thread/INFO]: Preparing spawn area: 5%
[20:01:30] [Server thread/INFO]: Preparing spawn area: 5%
[20:01:31] [Server thread/INFO]: Preparing spawn area: 5%
[20:01:35] [Server thread/INFO]: Preparing spawn area: 6%
[20:01:36] [Server thread/INFO]: Preparing spawn area: 6%
[20:01:37] [Server thread/INFO]: Preparing spawn area: 6%
[20:01:38] [Server thread/INFO]: Preparing spawn area: 7%
[20:01:41] [Server thread/INFO]: Preparing spawn area: 7%
[20:01:42] [Server thread/INFO]: Preparing spawn area: 8%
[20:01:46] [Server thread/INFO]: Preparing spawn area: 8%
[20:01:47] [Server thread/INFO]: Preparing spawn area: 8%
[20:01:50] [Server thread/INFO]: Preparing spawn area: 9%
[20:01:52] [Server thread/INFO]: Preparing spawn area: 10%
[20:01:54] [Server thread/INFO]: Preparing spawn area: 10%
[20:01:58] [Server thread/INFO]: Preparing spawn area: 10%
[20:01:59] [Server thread/INFO]: Preparing spawn area: 11%
[20:02:02] [Server thread/INFO]: Preparing spawn area: 11%
[20:02:03] [Server thread/INFO]: Preparing spawn area: 12%
[20:02:05] [Server thread/INFO]: Preparing spawn area: 14%
[20:02:06] [Server thread/INFO]: Preparing spawn area: 15%
[20:02:09] [Server thread/INFO]: Preparing spawn area: 15%
[20:02:11] [Server thread/INFO]: Preparing spawn area: 16%
[20:02:12] [Server thread/INFO]: Preparing spawn area: 18%
[20:02:13] [Server thread/INFO]: Preparing spawn area: 19%
[20:02:15] [Server thread/INFO]: Preparing spawn area: 19%
[20:02:16] [Server thread/INFO]: Preparing spawn area: 20%
[20:02:17] [Server thread/INFO]: Preparing spawn area: 21%
[20:02:19] [Server thread/INFO]: Preparing spawn area: 22%
[20:02:20] [Server thread/INFO]: Preparing spawn area: 23%
[20:02:24] [Server thread/INFO]: Preparing spawn area: 23%
[20:02:25] [Server thread/INFO]: Preparing spawn area: 23%
[20:02:27] [Server thread/INFO]: Preparing spawn area: 25%
[20:02:29] [Server thread/INFO]: Preparing spawn area: 27%
[20:02:30] [Server thread/INFO]: Preparing spawn area: 28%
[20:02:32] [Server thread/INFO]: Preparing spawn area: 30%
[20:02:33] [Server thread/INFO]: Preparing spawn area: 32%
[20:02:35] [Server thread/INFO]: Preparing spawn area: 34%
[20:02:36] [Server thread/INFO]: Preparing spawn area: 34%
[20:02:38] [Server thread/INFO]: Preparing spawn area: 35%
[20:03:01] [Server thread/INFO]: Preparing spawn area: 36%
[20:03:16] [Server thread/INFO]: Preparing spawn area: 37%
[20:03:43] [Server thread/INFO]: Preparing spawn area: 38%
[20:03:50] [Server thread/INFO]: Preparing spawn area: 39%
[20:04:05] [Server thread/INFO]: Preparing spawn area: 39%
[20:04:13] [Server thread/INFO]: Preparing spawn area: 41%
[20:04:15] [Server thread/INFO]: Preparing spawn area: 41%
[20:04:17] [Server thread/INFO]: Preparing spawn area: 43%
[20:04:19] [Server thread/INFO]: Preparing spawn area: 45%
[20:04:21] [Server thread/INFO]: Preparing spawn area: 46%
[20:04:22] [Server thread/INFO]: Preparing spawn area: 49%
[20:04:24] [Server thread/INFO]: Preparing spawn area: 51%
[20:04:26] [Server thread/INFO]: Preparing spawn area: 53%
[20:04:28] [Server thread/INFO]: Preparing spawn area: 55%
[20:04:29] [Server thread/INFO]: Preparing spawn area: 56%
[20:04:31] [Server thread/INFO]: Preparing spawn area: 59%
[20:04:34] [Server thread/INFO]: Preparing spawn area: 60%
[20:04:37] [Server thread/INFO]: Preparing spawn area: 63%
[20:04:39] [Server thread/INFO]: Preparing spawn area: 64%
[20:04:41] [Server thread/INFO]: Preparing spawn area: 64%
[20:04:43] [Server thread/INFO]: Preparing spawn area: 66%
[20:04:46] [Server thread/INFO]: Preparing spawn area: 68%
[20:04:47] [Server thread/INFO]: Preparing spawn area: 70%
[20:04:49] [Server thread/INFO]: Preparing spawn area: 70%
[20:04:51] [Server thread/INFO]: Preparing spawn area: 71%
[20:04:56] [Server thread/INFO]: Preparing spawn area: 73%
[20:04:59] [Server thread/INFO]: Preparing spawn area: 76%
[20:05:00] [Server thread/INFO]: Preparing spawn area: 77%
[20:05:01] [Server thread/INFO]: Preparing spawn area: 77%
[20:05:04] [Server thread/INFO]: Preparing spawn area: 79%
[20:05:07] [Server thread/INFO]: Preparing spawn area: 80%
[20:05:09] [Server thread/INFO]: Preparing spawn area: 82%
[20:05:11] [Server thread/INFO]: Preparing spawn area: 84%
[20:05:14] [Server thread/INFO]: Preparing spawn area: 85%
[20:05:17] [Server thread/INFO]: Preparing spawn area: 86%
[20:05:20] [Server thread/INFO]: Preparing spawn area: 88%
[20:05:23] [Server thread/INFO]: Preparing spawn area: 91%
[20:05:23] [Server thread/INFO]: Preparing spawn area: 91%
[20:05:26] [Server thread/INFO]: Preparing spawn area: 92%
[20:05:31] [Server thread/INFO]: Preparing spawn area: 93%
[20:05:33] [Server thread/INFO]: Preparing spawn area: 95%
[20:05:34] [Server thread/INFO]: Preparing spawn area: 95%
[20:05:37] [Server thread/INFO]: Preparing spawn area: 96%
[20:05:40] [Server thread/INFO]: Preparing spawn area: 98%
[20:05:40] [Server thread/INFO]: Done (298.824s)! For help, type "help" or "?"
[20:05:46] [Server thread/WARN]: Can't keep up! Did the system time change, or is the server overloaded? Running 5875ms behind, skipping 117 tick(s)
[20:07:16] [Server Watchdog/FATAL]: A single server tick took 60.37 seconds (should be max 0.05)
[20:07:16] [Server Watchdog/FATAL]: Considering it to be crashed, server will forcibly shutdown.
[20:07:16] [Server Watchdog/ERROR]: This crash report has been saved to: C:\Users\user\Desktop\DEV\Minecraft Mods\Fragile-Glass-1.8\eclipse\.\crash-reports\crash-2015-05-07_20.07.16-server.txt
[20:09:09] [Server thread/WARN]: Can't keep up! Did the system time change, or is the server overloaded? Running 173330ms behind, skipping 3466 tick(s)
[20:09:12] [Server thread/WARN]: Can't keep up! Did the system time change, or is the server overloaded? Running 3454ms behind, skipping 69 tick(s)
[20:10:00] [Server thread/WARN]: Can't keep up! Did the system time change, or is the server overloaded? Running 30896ms behind, skipping 617 tick(s)
[20:10:09] [Server thread/WARN]: Can't keep up! Did the system time change, or is the server overloaded? Running 2030ms behind, skipping 40 tick(s)
[20:10:30] [Server thread/WARN]: Can't keep up! Did the system time change, or is the server overl[20:10:32] [Client thread/INFO]: Reloading Resource[20:11:08] [Server thread/WARN]: Can't keep up! Did the system time change, or is the server overloaded? Running 2137ms behind, skipping 42 tick(s)
[20:12:05] [Server thread/WARN]: Can't keep up! Did the system time change, or is the server overloaded? Running 5384ms behind, skipping 107 tick(s)
[20:12:35] [Server thread/WARN]: Can't keep up! Did the system time change, or is the server overloaded? Running 10224ms behind, skipping 204 tick(s)
[20:12:43] [Server thread/WARN]: Can't keep up! Did the system time change, or is the server overloaded? Running 2450ms behind, skipping 49 tick(s)
[20:13:04] [Server thread/WARN]: Can't keep up! Did the system time change, or is the server overloaded? Running 2135ms behind, skipping 42 tick(s)
[20:13:26] [Server thread/WARN]: Can't keep up! Did the system time change, or is the server overloaded? Running 2093ms behind, skipping 41 tick(s)
[20:15:21] [Server thread/WARN]: Can't keep up! Did the system time change, or is the server overloaded? Running 2901ms behind, skipping 58 tick(s)
[20:16:01] [Server thread/WARN]: Can't keep up! Did the system time change, or is the server overloaded? Running 2232ms behind, skipping 44 tick(s)
[20:16:21] [Server thread/WARN]: Can't keep up! Did the system time change, or is the server overloaded? Running 2586ms behind, skipping 51 tick(s)
[20:16:44] [Server thread/WARN]: Can't keep up! Did the sy[20:17:01] [Client thread/INFO]: LWJGL Version: 2.9.1
[20:17:18] [Client thread/INFO]: Reloading ResourceManager: Default, FMLFileResourcePack:Forge Mod Loader, FMLFileResourcePack:Minecraft Forge, FMLFileResourcePack:Fragile Glass
[20:17[20:17:27] [Server thread/WARN]: Can't keep up! Did the system time change, or is the server overloaded? Running 5658ms behind, skipping 113 tick(s)
[20:17:46] [Server thread/WARN]: Can't keep up! Did the system time change, or is the server overloaded? Running 2747ms behind, skipping 54 tick(s)
[20:18:06] [Server thread/WARN]: Can't keep up! Did the system time change, or is the server overloaded? Running 2594ms behind, skipping 51 tick(s)
[20:18:22] [Server thread/WARN]: Can't keep up! Did the system time change, or is the server overloaded? Running 2215ms behind, skipping 44 tick(s)
[20:18:40] [Server thread/WARN]: Can't keep up! Did the system time change, or is the server overloaded? Running 2032ms behind, skipping 40 tick(s)
[20:19:00] [Server thread/WARN]: Can't keep up! Did the system time change, or is the server overloaded? Running 2923ms behind, skipping 58 tick(s)
[20:19:24] [Server thread/WARN]: Can't keep up! Did the system time change, or is the server overloaded? Running 2854ms behind, skipping 57 tick(s)
[20:19:41] [Server thread/WARN]: Can't keep up! Did the system time change, or is the server overloaded? Running 2963ms behind, skipping 59 tick(s)
[20:20:06] [Server thread/WARN]: Can't keep up! Did the system time change, or is the server overloaded? Running 2081ms behind, skipping 41 tick(s)
[20:20:28] [Server thread/WARN]: Can't keep up! Did the system time change, or is the server overloaded? Running 2048ms behind, skipping 40 tick(s)
[20:20:47] [Server thread/WARN]: Can't keep up! Did the system time change, or is the server overloaded? Running 2365ms behind, skipping 47 tick(s)
[20:21:16] [Server thread/WARN]: Can't keep up! Did the system time change, or is the server overloaded? Running 3357ms behind, skipping 67 tick(s)
[20:21:32] [Server thread/WARN]: Can't keep up! Did the system time change, or is the server overloaded? Running 2114ms behind, skipping 42 tick(s)
[20:22:14] [Server thread/WARN]: Can't keep up! Did the system time change, or is the server overloaded? Running 3225ms behind, skipping 64 tick(s)
[20:22:30] [Server thread/WARN]: Can't keep up! Did the system time change, or is the server overloaded? Running 2882ms behind, skipping 57 tick(s)
[20:23:20] [Server thread/WARN]: Can't keep up! Did the system time change, or is the server overloaded? Running 2915ms behind, skipping 58 tick(s)
[20:23:37] [Server thread/WARN]: Can't keep up! Did the system time change, or is the server overloaded? Running 2060ms behind, skipping 41 tick(s)
[20:24:06] [Server thread/WARN]: Can't keep up! Did the system time change, or is the server overloaded? Running 2108ms behind, skipping 42 tick(s)
[20:24:24] [Server thread/WARN]: Can't keep up! Did the system time change, or is the server overloaded? Running 2071ms behind, skipping 41 tick(s)
[20:24:46] [Server thread/WARN]: Can't keep up! Did the system time change, or is the server overloaded? Running 2125ms behind, skipping 42 tick(s)
[20:25:01] [Server thread/WARN]: Can't keep up! Did the system time change, or is the server overloaded? Running 2084ms behind, skipping 41 tick(s)
[20:25:19] [Server thread/WARN]: Can't keep up! Did the system time change, or is the server overloaded? Running 2043ms behind, skipping 40 tick(s)
[20:25:36] [Server thread/WARN]: Can't keep up! Did the system time change, or is the server overloaded? Running 4037ms behind, skipping 80 tick(s)
[20:25:57] [Server thread/WARN]: Can't keep up! Did the system time change, or is the server overloaded? Running 2010ms behind, skipping 40 tick(s)
[20:26:21] [Server thread/WARN]: Can't keep up! Did the system time change, or is the server overloaded? Running 2047ms behind, skipping 40 tick(s)
[20:26:57] [Server thread/WARN]: Can't keep up! Did the system time change, or is the server overloaded? Running 5166ms behind, skipping 103 tick(s)
[20:27:27] [Server thread/WARN]: Can't keep up! Did the system time change, or is the server overloaded? Running 2024ms behind, skipping 40 tick(s)
[20:28:00] [Server thread/WARN]: Can't keep up! Did the system time change, or is the server overloaded? Running 2049ms behind, skipping 40 tick(s)
[20:28:19] [Server thread/WARN]: Can't keep up! Did the system time change, or is the server overloaded? Running 3219ms behind, skipping 64 tick(s)
[20:28:36] [Server thread/WARN]: Can't keep up! Did the system time change, or is the server overloaded? Running 2579ms behind, skipping 51 tick(s)
[20:28:54] [Server thread/WARN]: Can't keep up! Did the system time change, or is the server overloaded? Running 2598ms behind, skipping 51 tick(s)
[20:29:18] [Server thread/WARN]: Can't keep up! Did the system time change, or is the server overloaded? Running 5483ms behind, skipping 109 tick(s)
[20:29:39] [Server thread/WARN]: Can't keep up! Did the system time change, or is the server overloaded? Running 2430ms behind, skipping 48 tick(s)
[20:29:57] [Server thread/WARN]: Can't keep up! Did the system time change, or is the server overloaded? Running 2999ms behind, skipping 59 tick(s)
[20:30:15] [Server thread/WARN]: Can't keep up! Did the system time change, or is the server overloaded? Running 2821ms behind, skipping 56 tick(s)
[20:30:30] [Server thread/WARN]: Can't keep up! Did the system time change, or is the server overloaded? Running 2113ms behind, skipping 42 tick(s)
[20:31:16] [Server thread/WARN]: Can't keep up! Did the system time change, or is the server overloaded? Running 2457ms behind, skipping 49 tick(s)
