[15:58:13] [Client thread/INFO]: Setting user: Player646
[15:58:27] [Client thread/INFO]: LWJGL Version: 2.9.1
[15:58:42] [Client thread/INFO]: Reloading ResourceManager: Default, FMLFileResourcePack:Forge Mod Loader, FMLFileResourcePack:Minecraft Forge, FMLFileResourcePack:Fragile Glass
[15:58:46] [Sound Library Loader/INFO]: Starting up SoundSystem...
[15:58:47] [Thread-7/INFO]: Initializing LWJGL OpenAL
[15:58:47] [Thread-7/INFO]: (The LWJGL binding of OpenAL.  For more information, see http://www.lwjgl.org)
[15:58:48] [Thread-7/INFO]: OpenAL initialized.
[15:58:48] [Sound Library Loader/INFO]: Sound engine started
[15:59:10] [Client thread/INFO]: Created: 512x512 textures-atlas
[15:59:23] [Client thread/INFO]: Reloading ResourceManager: Default, FMLFileResourcePack:Forge Mod Loader, FMLFileResourcePack:Minecraft Forge, FMLFileResourcePack:Fragile Glass
[15:59:23] [Client thread/INFO]: SoundSystem shutting down...
[15:59:24] [Client thread/WARN]: Author: Paul Lamb, www.paulscode.com
[15:59:24] [Sound Library Loader/INFO]: Starting up SoundSystem...
[15:59:24] [Thread-9/INFO]: Initializing LWJGL OpenAL
[15:59:24] [Thread-9/INFO]: (The LWJGL binding of OpenAL.  For more information, see http://www.lwjgl.org)
[15:59:24] [Thread-9/INFO]: OpenAL initialized.
[15:59:24] [Sound Library Loader/INFO]: Sound engine started
[15:59:44] [Client thread/INFO]: Created: 512x512 textures-atlas
[16:00:17] [Server thread/INFO]: Starting integrated minecraft server version 1.8
[16:00:17] [Server thread/INFO]: Generating keypair
[16:00:20] [Server thread/INFO]: Preparing start region for level 0
[16:00:21] [Server thread/INFO]: Preparing spawn area: 1%
[16:00:22] [Server thread/INFO]: Preparing spawn area: 14%
[16:00:23] [Server thread/INFO]: Preparing spawn area: 68%
[16:00:26] [Server thread/INFO]: Changing view distance to 5, from 10
[16:00:26] [Server thread/WARN]: Can't keep up! Did the system time change, or is the server overloaded? Running 2201ms behind, skipping 44 tick(s)
[16:00:27] [Server thread/INFO]: Player646[local:E:36735466] logged in with entity id 48 at (-122.15904388249655, 4.0, -435.78533162395695)
[16:00:27] [Server thread/INFO]: Player646 joined the game
[16:00:31] [Server thread/INFO]: Saving and pausing game...
[16:00:31] [Server thread/INFO]: Saving chunks for level 'New World'/Overworld
[16:00:32] [Server thread/INFO]: Saving chunks for level 'New World'/Nether
[16:00:32] [Server thread/INFO]: Saving chunks for level 'New World'/The End
[16:00:57] [Server thread/WARN]: Can't keep up! Did the system time change, or is the server overloaded? Running 3270ms behind, skipping 65 tick(s)
[16:01:19] [Server thread/INFO]: Player646 has just earned the achievement [Taking Inventory]
[16:01:21] [Client thread/INFO]: [CHAT] Player646 has just earned the achievement [Taking Inventory]
[16:01:21] [Server thread/INFO]: Saving and pausing game...
[16:01:21] [Server thread/INFO]: Saving chunks for level 'New World'/Overworld
[16:01:21] [Server thread/INFO]: Saving chunks for level 'New World'/Nether
[16:01:21] [Server thread/INFO]: Saving chunks for level 'New World'/The End
[16:01:21] [Server thread/WARN]: Can't keep up! Did the system time change, or is the server overloaded? Running 7485ms behind, skipping 149 tick(s)
[16:01:26] [Server thread/INFO]: [Player646: Set the time to 0]
[16:01:26] [Client thread/INFO]: [CHAT] Set the time to 0
[16:08:34] [Server thread/INFO]: Saving and pausing game...
[16:08:35] [Server thread/INFO]: Saving chunks for level 'New World'/Overworld
[16:08:35] [Server thread/INFO]: Saving chunks for level 'New World'/Nether
[16:08:35] [Server thread/INFO]: Saving chunks for level 'New World'/The End
[16:12:59] [Server thread/INFO]: Saving and pausing game...
[16:12:59] [Server thread/INFO]: Saving chunks for level 'New World'/Overworld
[16:13:00] [Server thread/INFO]: Saving chunks for level 'New World'/Nether
[16:13:00] [Server thread/INFO]: Saving chunks for level 'New World'/The End
[16:13:01] [Server thread/INFO]: Stopping server
[16:13:01] [Server thread/INFO]: Saving players
[16:13:01] [Server thread/INFO]: Saving worlds
[16:13:01] [Server thread/INFO]: Saving chunks for level 'New World'/Overworld
[16:13:01] [Server thread/INFO]: Saving chunks for level 'New World'/Nether
[16:13:01] [Server thread/INFO]: Saving chunks for level 'New World'/The End
[16:21:38] [Client thread/INFO]: Connecting to localhost, 25565
[16:22:25] [Client thread/INFO]: [CHAT] Your game mode has been updated
[16:22:41] [Client thread/INFO]: [CHAT] Player646 has just earned the achievement [Taking Inventory]
[16:24:41] [Client thread/INFO]: Stopping!
[16:24:41] [Client thread/INFO]: SoundSystem shutting down...
[16:24:42] [Client thread/WARN]: Author: Paul Lamb, www.paulscode.com
d/WARN]: The server will make no attempt to authenticate usernames. Beware.
[16:15:54] [Server thread/WARN]: While this makes the game possible to play without internet access, it also opens up the ability for hackers to connect with any username they choose.
[16:15:54] [Server thread/WARN]: To change this, set "online-mode" to "true" in the server.properties file.
[16:15:58] [Server thread/INFO]: Preparing level "world"
[16:16:15] [Server thread/INFO]: Preparing start region for level 0
[16:16:40] [Server thread/INFO]: Preparing spawn area: 0%
[16:16:42] [Server thread/INFO]: Preparing spawn area: 1%
[16:16:43] [Server thread/INFO]: Preparing spawn area: 1%
[16:16:45] [Server thread/INFO]: Preparing spawn area: 5%
[16:16:46] [Server thread/INFO]: Preparing spawn area: 6%
[16:16:48] [Server thread/INFO]: Preparing spawn area: 6%
[16:16:49] [Server thread/INFO]: Preparing spawn area: 11%
[16:16:51] [Server thread/INFO]: Preparing spawn area: 16%
[16:16:59] [Server thread/INFO]: Preparing spawn area: 21%
[16:17:00] [Server thread/INFO]: Preparing spawn area: 25%
[16:17:02] [Server thread/INFO]: Preparing spawn area: 26%
[16:17:04] [Server thread/INFO]: Preparing spawn area: 33%
[16:17:05] [Server thread/INFO]: Preparing spawn area: 38%
[16:17:07] [Server thread/INFO]: Preparing spawn area: 42%
[16:17:08] [Server thread/INFO]: Preparing spawn area: 42%
[16:17:10] [Server thread/INFO]: Preparing spawn area: 46%
[16:17:12] [Server thread/INFO]: Preparing spawn area: 48%
[16:17:14] [Server thread/INFO]: Preparing spawn area: 50%
[16:17:16] [Server thread/INFO]: Preparing spawn area: 53%
[16:17:18] [Server thread/INFO]: Preparing spawn area: 57%
[16:17:20] [Server thread/INFO]: Preparing spawn area: 61%
[16:17:22] [Server thread/INFO]: Preparing spawn area: 65%
[16:17:23] [Server thread/INFO]: Preparing spawn area: 71%
[16:17:25] [Server thread/INFO]: Preparing spawn area: 72%
[16:17:26] [Server thread/INFO]: Preparing spawn area: 74%
[16:17:28] [Server thread/INFO]: Preparing spawn area: 82%
[16:17:29] [Server thread/INFO]: Preparing spawn area: 86%
[16:17:31] [Server thread/INFO]: Preparing spawn area: 87%
[16:17:32] [Server thread/INFO]: Preparing spawn area: 90%
[16:17:33] [Server thread/INFO]: Preparing spawn area: 91%
[16:17:34] [Server thread/INFO]: Done (95.527s)! For help, type "help" or "?"
[16:17:34] [Server Watchdog/FATAL]: A single server tick took 177.92 seconds (should be max 0.05)
[16:17:34] [Server Watchdog/FATAL]: Considering it to be crashed, server will forcibly shutdown.
[16:17:35] [Server Watchdog/ERROR]: This crash report has been saved to: C:\Users\user\Desktop\DEV\Minecraft Mods\Fragile-Glass-1.8\eclipse\.\crash-reports\crash-2015-05-08_16.17.35-server.txt
[16:17:51] [Server thread/WARN]: Can't keep up! Did the system time change, or is the server overloaded? Running 17240ms behind, skipping 344 tick(s)
[16:18:21] [Server thread/WARN]: Can't keep up! Did the system time change, or is the server overloaded? Running 30113ms behind, skipping 602 tick(s)
[16:18:35] [Server thread/WARN]: Can't keep up! Did the system time change, or is the server overloaded? Running 13738ms behind, skipping 274 tick(s)
[16:19:46] [Server thread/WARN]: Can't keep up! Did the system time change, or is the server overloaded? Running 58427ms behind, skipping 1168 tick(s)
[16:19:50] [Server thread/WARN]: Can't keep up! Did the system time change, or is the server overloaded? Running 4217ms behind, skipping 84 tick(s)
[16:21:08] [Server thread/WARN]: Can't keep up! Did the system time change, or is the server overloaded? Running 63840ms behind, skipping 1276 tick(s)
[16:21:24] [Server thread/WARN]: Can't keep up! Did the system time change, or is the server overloaded? Running 16129ms behind, skipping 322 tick(s)
[16:21:29] [Server thread/WARN]: Can't keep up! Did the system time change, or is the server overloaded? Running 4770ms behind, skipping 95 tick(s)
[16:21:49] [Server thread/INFO]: Player646[/127.0.0.1:50082] logged in with entity id 402 at (-148.5, 68.0, 247.5)
[16:21:49] [Server thread/INFO]: Player646 joined the game
[16:22:41] [Server thread/INFO]: Player646 has just earned the achievement [Taking Inventory]
[16:22:53] [Server thread/INFO]: Set the time to 0
[16:24:37] [Server thread/INFO]: Player646 lost connection: TextComponent{text='Disconnected', siblings=[], style=Style{hasParent=false, color=null, bold=null, italic=null, underlined=null, obfuscated=null, clickEvent=null, hoverEvent=null, insertion=null}}
[16:24:37] [Server thread/INFO]: Player646 left the game
[16:24:46] [Server thread/WARN]: Can't keep up! Did the system time change, or is the server overloaded? Running 154274ms behind, skipping 3085 tick(s)
[16:24:47] [Server thread/INFO]: Stopping the server
[16:24:47] [Server thread/INFO]: Stopping server
[16:24:47] [Server thread/INFO]: Saving players
[16:24:47] [Server thread/INFO]: Saving worlds
[16:24:47] [Server thread/INFO]: Saving chunks for level 'world'/Overworld
[16:24:52] [Server thread/INFO]: Saving chunks for level 'world'/Nether
[16:24:52] [Server thread/INFO]: Saving chunks for level 'world'/The End
